Jun-20 22:11:32.306 [main] DEBUG nextflow.cli.Launcher - $> nextflow main.nf -profile docker
Jun-20 22:11:32.405 [main] INFO  nextflow.cli.CmdRun - N E X T F L O W  ~  version 21.03.0-edge
Jun-20 22:11:32.414 [main] INFO  nextflow.cli.CmdRun - Launching `main.nf` [shrivelled_gautier] - revision: 996039f6c5
Jun-20 22:11:32.423 [main] DEBUG nextflow.config.ConfigBuilder - Found config local: /Users/yukkei/APAeval-summary-workflow/nextflow.config
Jun-20 22:11:32.423 [main] DEBUG nextflow.config.ConfigBuilder - Parsing config file: /Users/yukkei/APAeval-summary-workflow/nextflow.config
Jun-20 22:11:32.438 [main] DEBUG nextflow.config.ConfigBuilder - Applying config profile: `docker`
Jun-20 22:11:33.081 [main] DEBUG nextflow.config.ConfigBuilder - Available config profiles: [docker]
Jun-20 22:11:33.094 [main] DEBUG nextflow.plugin.PluginsFacade - Setting up plugin manager > mode=prod; plugins-dir=/Users/yukkei/.nextflow/plugins
Jun-20 22:11:33.095 [main] DEBUG nextflow.plugin.PluginsFacade - Plugins default=[]
Jun-20 22:11:33.097 [main] DEBUG nextflow.plugin.PluginsFacade - Plugins local root: .nextflow/plr/empty
Jun-20 22:11:33.101 [main] INFO  org.pf4j.DefaultPluginStatusProvider - Enabled plugins: []
Jun-20 22:11:33.102 [main] INFO  org.pf4j.DefaultPluginStatusProvider - Disabled plugins: []
Jun-20 22:11:33.104 [main] INFO  org.pf4j.DefaultPluginManager - PF4J version 3.4.1 in 'deployment' mode
Jun-20 22:11:33.110 [main] INFO  org.pf4j.AbstractPluginManager - No plugins
Jun-20 22:11:33.141 [main] DEBUG nextflow.Session - Session uuid: 03e2cb5c-ec08-4aec-9ed8-57313cb1653a
Jun-20 22:11:33.141 [main] DEBUG nextflow.Session - Run name: shrivelled_gautier
Jun-20 22:11:33.141 [main] DEBUG nextflow.Session - Executor pool size: 12
Jun-20 22:11:43.165 [main] DEBUG nextflow.cli.CmdRun - 
  Version: 21.03.0-edge build 5518
  Created: 05-03-2021 10:52 UTC (18:52 SGST)
  System: Mac OS X 10.15.6
  Runtime: Groovy 3.0.7 on Java HotSpot(TM) 64-Bit Server VM 1.8.0_281-b09
  Encoding: UTF-8 (UTF-8)
  Process: 3827@yukkeis-Mac-mini.local [192.168.1.150]
  CPUs: 12 - Mem: 32 GB (13 GB) - Swap: 0 (0)
Jun-20 22:11:43.174 [main] DEBUG nextflow.Session - Work-dir: /Users/yukkei/APAeval-summary-workflow/work [Mac OS X]
Jun-20 22:11:43.174 [main] DEBUG nextflow.Session - Script base path does not exist or is not a directory: /Users/yukkei/APAeval-summary-workflow/bin
Jun-20 22:11:43.182 [main] DEBUG nextflow.executor.ExecutorFactory - Extension executors providers=[]
Jun-20 22:11:43.189 [main] DEBUG nextflow.Session - Observer factory: DefaultObserverFactory
Jun-20 22:11:43.289 [main] DEBUG nextflow.Session - Session start invoked
Jun-20 22:11:43.291 [main] DEBUG nextflow.trace.TraceFileObserver - Flow starting -- trace file: /Users/yukkei/APAeval-summary-workflow/sample_out/stats/trace.txt
Jun-20 22:11:43.636 [main] DEBUG nextflow.script.ScriptRunner - > Launching execution
Jun-20 22:11:43.641 [main] DEBUG nextflow.Session - Workflow process names [dsl1]: compute_metrics, benchmark_consolidation, validation
Jun-20 22:11:43.651 [main] WARN  nextflow.script.ScriptBinding - Access to undefined parameter `help` -- Initialise it to a default value eg. `params.help = some_value`
Jun-20 22:11:43.655 [main] INFO  nextflow.Nextflow - ==============================================
   TCGA CANCER DRIVER GENES BENCHMARKING PIPELINE 
   ==============================================
      input file: /Users/yukkei/APAeval-summary-workflow/APAeval_Q2_test_data/embryonicCortex.PAPERCLIP.mm10.bed
benchmarking community = APAeval
      public reference directory : /Users/yukkei/APAeval-summary-workflow/APAeval_Q2_test_data/public_ref
      tool name : test
      metrics reference datasets: /Users/yukkei/APAeval-summary-workflow/APAeval_Q2_test_data/metrics_ref_datasets
selected cancer types: Q2
benchmark data: /Users/yukkei/APAeval-summary-workflow/APAeval_Q2_test_data/data
validation results directory: sample_out/participant_out/validated-participant-data.json
assessment results directory: sample_out/assessment_out/Assessment_datasets.json
consolidated benchmark results directory: sample_out/results
Statistics results about nextflow run: sample_out/stats
Benchmarking data model file location: sample_out/benchmarking_data_model_export/consolidated_result.json
Directory with community-specific results: sample_out/other

Jun-20 22:11:43.743 [main] DEBUG nextflow.script.ProcessConfig - Config settings `withName:validation` matches process validation
Jun-20 22:11:43.744 [main] DEBUG nextflow.executor.ExecutorFactory - << taskConfig executor: null
Jun-20 22:11:43.744 [main] DEBUG nextflow.executor.ExecutorFactory - >> processorType: 'local'
Jun-20 22:11:43.747 [main] DEBUG nextflow.executor.Executor - [warm up] executor > local
Jun-20 22:11:43.750 [main] DEBUG n.processor.LocalPollingMonitor - Creating local task monitor for executor 'local' > cpus=12; memory=32 GB; capacity=12; pollInterval=100ms; dumpInterval=5m
Jun-20 22:11:43.811 [main] DEBUG nextflow.script.ProcessConfig - Config settings `withName:compute_metrics` matches process compute_metrics
Jun-20 22:11:43.811 [main] DEBUG nextflow.executor.ExecutorFactory - << taskConfig executor: null
Jun-20 22:11:43.811 [main] DEBUG nextflow.executor.ExecutorFactory - >> processorType: 'local'
Jun-20 22:11:43.817 [main] DEBUG nextflow.script.ProcessConfig - Config settings `withName:benchmark_consolidation` matches process benchmark_consolidation
Jun-20 22:11:43.817 [main] DEBUG nextflow.executor.ExecutorFactory - << taskConfig executor: null
Jun-20 22:11:43.817 [main] DEBUG nextflow.executor.ExecutorFactory - >> processorType: 'local'
Jun-20 22:11:43.822 [main] DEBUG nextflow.script.ScriptRunner - > Await termination 
Jun-20 22:11:43.822 [main] DEBUG nextflow.Session - Session await
Jun-20 22:11:43.895 [Task submitter] DEBUG nextflow.executor.LocalTaskHandler - Launch cmd line: /bin/bash -ue .command.run
Jun-20 22:11:43.898 [Task submitter] INFO  nextflow.Session - [0f/20728f] Submitted process > validation (Validating input file format)
Jun-20 22:11:52.445 [Task monitor] DEBUG n.processor.TaskPollingMonitor - Task completed > TaskHandler[id: 1; name: validation (Validating input file format); status: COMPLETED; exit: 0; error: -; workDir: /Users/yukkei/APAeval-summary-workflow/work/0f/20728f946d6e208012d0d049c3600c]
Jun-20 22:11:52.456 [Task monitor] DEBUG n.util.BlockingThreadExecutorFactory - Thread pool name=FileTransfer; maxThreads=36; maxQueueSize=108; keepAlive=1m
Jun-20 22:11:52.459 [Task submitter] DEBUG nextflow.executor.LocalTaskHandler - Launch cmd line: /bin/bash -ue .command.run
Jun-20 22:11:52.459 [Task submitter] INFO  nextflow.Session - [19/cc7a49] Submitted process > compute_metrics (Computing benchmark metrics for submitted data)
Jun-20 22:12:33.794 [Task monitor] DEBUG n.processor.TaskPollingMonitor - Task completed > TaskHandler[id: 2; name: compute_metrics (Computing benchmark metrics for submitted data); status: COMPLETED; exit: 0; error: -; workDir: /Users/yukkei/APAeval-summary-workflow/work/19/cc7a49c8ce108cae5b87c2d9465068]
Jun-20 22:12:33.803 [Task submitter] DEBUG nextflow.executor.LocalTaskHandler - Launch cmd line: /bin/bash -ue .command.run
Jun-20 22:12:33.803 [Task submitter] INFO  nextflow.Session - [89/ca27c3] Submitted process > benchmark_consolidation (Performing benchmark assessment and building plots)
Jun-20 22:12:43.600 [Task monitor] DEBUG n.processor.TaskPollingMonitor - Task completed > TaskHandler[id: 3; name: benchmark_consolidation (Performing benchmark assessment and building plots); status: COMPLETED; exit: 0; error: -; workDir: /Users/yukkei/APAeval-summary-workflow/work/89/ca27c3ecef07b3591ab436468ecf15]
Jun-20 22:12:43.603 [main] DEBUG nextflow.Session - Session await > all process finished
Jun-20 22:12:43.604 [main] DEBUG nextflow.Session - Session await > all barriers passed
Jun-20 22:12:43.606 [main] INFO  nextflow.script.BaseScript - Done!
Jun-20 22:12:43.610 [main] DEBUG nextflow.trace.WorkflowStatsObserver - Workflow completed > WorkflowStats[succeededCount=3; failedCount=0; ignoredCount=0; cachedCount=0; pendingCount=0; submittedCount=0; runningCount=0; retriesCount=0; abortedCount=0; succeedDuration=3.8s; failedDuration=0ms; cachedDuration=0ms;loadCpus=0; loadMemory=0; peakRunning=1; peakCpus=1; peakMemory=0; ]
Jun-20 22:12:43.611 [main] DEBUG nextflow.trace.TraceFileObserver - Flow completing -- flushing trace file
Jun-20 22:12:43.612 [main] DEBUG nextflow.trace.ReportObserver - Flow completing -- rendering html report
Jun-20 22:12:43.635 [main] DEBUG nextflow.trace.ReportObserver - Execution report summary data:
  [{"cpuUsage":{"mean":87.7,"min":87.7,"q1":87.7,"q2":87.7,"q3":87.7,"max":87.7,"minLabel":"validation (Validating input file format)","maxLabel":"validation (Validating input file format)","q1Label":"validation (Validating input file format)","q2Label":"validation (Validating input file format)","q3Label":"validation (Validating input file format)"},"process":"validation","mem":{"mean":12447744,"min":12447744,"q1":12447744,"q2":12447744,"q3":12447744,"max":12447744,"minLabel":"validation (Validating input file format)","maxLabel":"validation (Validating input file format)","q1Label":"validation (Validating input file format)","q2Label":"validation (Validating input file format)","q3Label":"validation (Validating input file format)"},"memUsage":null,"timeUsage":null,"vmem":{"mean":66711552,"min":66711552,"q1":66711552,"q2":66711552,"q3":66711552,"max":66711552,"minLabel":"validation (Validating input file format)","maxLabel":"validation (Validating input file format)","q1Label":"validation (Validating input file format)","q2Label":"validation (Validating input file format)","q3Label":"validation (Validating input file format)"},"reads":{"mean":10100363,"min":10100363,"q1":10100363,"q2":10100363,"q3":10100363,"max":10100363,"minLabel":"validation (Validating input file format)","maxLabel":"validation (Validating input file format)","q1Label":"validation (Validating input file format)","q2Label":"validation (Validating input file format)","q3Label":"validation (Validating input file format)"},"cpu":{"mean":87.7,"min":87.7,"q1":87.7,"q2":87.7,"q3":87.7,"max":87.7,"minLabel":"validation (Validating input file format)","maxLabel":"validation (Validating input file format)","q1Label":"validation (Validating input file format)","q2Label":"validation (Validating input file format)","q3Label":"validation (Validating input file format)"},"time":{"mean":500,"min":500,"q1":500,"q2":500,"q3":500,"max":500,"minLabel":"validation (Validating input file format)","maxLabel":"validation (Validating input file format)","q1Label":"validation (Validating input file format)","q2Label":"validation (Validating input file format)","q3Label":"validation (Validating input file format)"},"writes":{"mean":601,"min":601,"q1":601,"q2":601,"q3":601,"max":601,"minLabel":"validation (Validating input file format)","maxLabel":"validation (Validating input file format)","q1Label":"validation (Validating input file format)","q2Label":"validation (Validating input file format)","q3Label":"validation (Validating input file format)"}},{"cpuUsage":{"mean":95.1,"min":95.1,"q1":95.1,"q2":95.1,"q3":95.1,"max":95.1,"minLabel":"compute_metrics (Computing benchmark metrics for submitted data)","maxLabel":"compute_metrics (Computing benchmark metrics for submitted data)","q1Label":"compute_metrics (Computing benchmark metrics for submitted data)","q2Label":"compute_metrics (Computing benchmark metrics for submitted data)","q3Label":"compute_metrics (Computing benchmark metrics for submitted data)"},"process":"compute_metrics","mem":{"mean":110075904,"min":110075904,"q1":110075904,"q2":110075904,"q3":110075904,"max":110075904,"minLabel":"compute_metrics (Computing benchmark metrics for submitted data)","maxLabel":"compute_metrics (Computing benchmark metrics for submitted data)","q1Label":"compute_metrics (Computing benchmark metrics for submitted data)","q2Label":"compute_metrics (Computing benchmark metrics for submitted data)","q3Label":"compute_metrics (Computing benchmark metrics for submitted data)"},"memUsage":null,"timeUsage":null,"vmem":{"mean":839966720,"min":839966720,"q1":839966720,"q2":839966720,"q3":839966720,"max":839966720,"minLabel":"compute_metrics (Computing benchmark metrics for submitted data)","maxLabel":"compute_metrics (Computing benchmark metrics for submitted data)","q1Label":"compute_metrics (Computing benchmark metrics for submitted data)","q2Label":"compute_metrics (Computing benchmark metrics for submitted data)","q3Label":"compute_metrics (Computing benchmark metrics for submitted data)"},"reads":{"mean":19142905,"min":19142905,"q1":19142905,"q2":19142905,"q3":19142905,"max":19142905,"minLabel":"compute_metrics (Computing benchmark metrics for submitted data)","maxLabel":"compute_metrics (Computing benchmark metrics for submitted data)","q1Label":"compute_metrics (Computing benchmark metrics for submitted data)","q2Label":"compute_metrics (Computing benchmark metrics for submitted data)","q3Label":"compute_metrics (Computing benchmark metrics for submitted data)"},"cpu":{"mean":95.1,"min":95.1,"q1":95.1,"q2":95.1,"q3":95.1,"max":95.1,"minLabel":"compute_metrics (Computing benchmark metrics for submitted data)","maxLabel":"compute_metrics (Computing benchmark metrics for submitted data)","q1Label":"compute_metrics (Computing benchmark metrics for submitted data)","q2Label":"compute_metrics (Computing benchmark metrics for submitted data)","q3Label":"compute_metrics (Computing benchmark metrics for submitted data)"},"time":{"mean":1919,"min":1919,"q1":1919,"q2":1919,"q3":1919,"max":1919,"minLabel":"compute_metrics (Computing benchmark metrics for submitted data)","maxLabel":"compute_metrics (Computing benchmark metrics for submitted data)","q1Label":"compute_metrics (Computing benchmark metrics for submitted data)","q2Label":"compute_metrics (Computing benchmark metrics for submitted data)","q3Label":"compute_metrics (Computing benchmark metrics for submitted data)"},"writes":{"mean":1216416,"min":1216416,"q1":1216416,"q2":1216416,"q3":1216416,"max":1216416,"minLabel":"compute_metrics (Computing benchmark metrics for submitted data)","maxLabel":"compute_metrics (Computing benchmark metrics for submitted data)","q1Label":"compute_metrics (Computing benchmark metrics for submitted data)","q2Label":"compute_metrics (Computing benchmark metrics for submitted data)","q3Label":"compute_metrics (Computing benchmark metrics for submitted data)"}},{"cpuUsage":{"mean":91.1,"min":91.1,"q1":91.1,"q2":91.1,"q3":91.1,"max":91.1,"minLabel":"benchmark_consolidation (Performing benchmark assessment and building plots)","maxLabel":"benchmark_consolidation (Performing benchmark assessment and building plots)","q1Label":"benchmark_consolidation (Performing benchmark assessment and building plots)","q2Label":"benchmark_consolidation (Performing benchmark assessment and building plots)","q3Label":"benchmark_consolidation (Performing benchmark assessment and building plots)"},"process":"benchmark_consolidation","mem":{"mean":88002560,"min":88002560,"q1":88002560,"q2":88002560,"q3":88002560,"max":88002560,"minLabel":"benchmark_consolidation (Performing benchmark assessment and building plots)","maxLabel":"benchmark_consolidation (Performing benchmark assessment and building plots)","q1Label":"benchmark_consolidation (Performing benchmark assessment and building plots)","q2Label":"benchmark_consolidation (Performing benchmark assessment and building plots)","q3Label":"benchmark_consolidation (Performing benchmark assessment and building plots)"},"memUsage":null,"timeUsage":null,"vmem":{"mean":630616064,"min":630616064,"q1":630616064,"q2":630616064,"q3":630616064,"max":630616064,"minLabel":"benchmark_consolidation (Performing benchmark assessment and building plots)","maxLabel":"benchmark_consolidation (Performing benchmark assessment and building plots)","q1Label":"benchmark_consolidation (Performing benchmark assessment and building plots)","q2Label":"benchmark_consolidation (Performing benchmark assessment and building plots)","q3Label":"benchmark_consolidation (Performing benchmark assessment and building plots)"},"reads":{"mean":29687702,"min":29687702,"q1":29687702,"q2":29687702,"q3":29687702,"max":29687702,"minLabel":"benchmark_consolidation (Performing benchmark assessment and building plots)","maxLabel":"benchmark_consolidation (Performing benchmark assessment and building plots)","q1Label":"benchmark_consolidation (Performing benchmark assessment and building plots)","q2Label":"benchmark_consolidation (Performing benchmark assessment and building plots)","q3Label":"benchmark_consolidation (Performing benchmark assessment and building plots)"},"cpu":{"mean":91.1,"min":91.1,"q1":91.1,"q2":91.1,"q3":91.1,"max":91.1,"minLabel":"benchmark_consolidation (Performing benchmark assessment and building plots)","maxLabel":"benchmark_consolidation (Performing benchmark assessment and building plots)","q1Label":"benchmark_consolidation (Performing benchmark assessment and building plots)","q2Label":"benchmark_consolidation (Performing benchmark assessment and building plots)","q3Label":"benchmark_consolidation (Performing benchmark assessment and building plots)"},"time":{"mean":1335,"min":1335,"q1":1335,"q2":1335,"q3":1335,"max":1335,"minLabel":"benchmark_consolidation (Performing benchmark assessment and building plots)","maxLabel":"benchmark_consolidation (Performing benchmark assessment and building plots)","q1Label":"benchmark_consolidation (Performing benchmark assessment and building plots)","q2Label":"benchmark_consolidation (Performing benchmark assessment and building plots)","q3Label":"benchmark_consolidation (Performing benchmark assessment and building plots)"},"writes":{"mean":180316,"min":180316,"q1":180316,"q2":180316,"q3":180316,"max":180316,"minLabel":"benchmark_consolidation (Performing benchmark assessment and building plots)","maxLabel":"benchmark_consolidation (Performing benchmark assessment and building plots)","q1Label":"benchmark_consolidation (Performing benchmark assessment and building plots)","q2Label":"benchmark_consolidation (Performing benchmark assessment and building plots)","q3Label":"benchmark_consolidation (Performing benchmark assessment and building plots)"}}]
Jun-20 22:12:44.425 [main] DEBUG nextflow.trace.TimelineObserver - Flow completing -- rendering html timeline
Jun-20 22:12:44.654 [main] DEBUG nextflow.CacheDB - Closing CacheDB done
Jun-20 22:12:44.660 [main] DEBUG nextflow.script.ScriptRunner - > Execution complete -- Goodbye
